CRITICAL - 2023-01-12 15:19:16 --> syntax error, unexpected token ")", expecting "->" or "?->" or "{" or "["
in APPPATH\Views\clubs.php on line 87.
 1 SYSTEMPATH\View\View.php(216): CodeIgniter\View\View->CodeIgniter\View\{closure}()
 2 SYSTEMPATH\Common.php(1134): CodeIgniter\View\View->render('clubs', [], true)
 3 APPPATH\Controllers\clubController.php(16): view('clubs')
 4 SYSTEMPATH\CodeIgniter.php(927): App\Controllers\clubController->index()
 5 SYSTEMPATH\CodeIgniter.php(482): CodeIgniter\CodeIgniter->runController(Object(App\Controllers\clubController))
 6 SYSTEMPATH\CodeIgniter.php(351): CodeIgniter\CodeIgniter->handleRequest(null, Object(Config\Cache), false)
 7 FCPATH\index.php(67): CodeIgniter\CodeIgniter->run()
CRITICAL - 2023-01-12 15:20:23 --> Undefined variable $levels
in APPPATH\Views\clubs.php on line 87.
 1 APPPATH\Views\clubs.php(87): CodeIgniter\Debug\Exceptions->errorHandler(2, 'Undefined variable $levels', 'APPPATH\\Views\\clubs.php', 87)
 2 SYSTEMPATH\View\View.php(213): include('APPPATH\\Views\\clubs.php')
 3 SYSTEMPATH\View\View.php(216): CodeIgniter\View\View->CodeIgniter\View\{closure}()
 4 SYSTEMPATH\Common.php(1134): CodeIgniter\View\View->render('clubs', [], true)
 5 APPPATH\Controllers\clubController.php(16): view('clubs')
 6 SYSTEMPATH\CodeIgniter.php(927): App\Controllers\clubController->index()
 7 SYSTEMPATH\CodeIgniter.php(482): CodeIgniter\CodeIgniter->runController(Object(App\Controllers\clubController))
 8 SYSTEMPATH\CodeIgniter.php(351): CodeIgniter\CodeIgniter->handleRequest(null, Object(Config\Cache), false)
 9 FCPATH\index.php(67): CodeIgniter\CodeIgniter->run()
CRITICAL - 2023-01-12 15:21:04 --> Undefined variable $levels
in APPPATH\Views\clubs.php on line 87.
 1 APPPATH\Views\clubs.php(87): CodeIgniter\Debug\Exceptions->errorHandler(2, 'Undefined variable $levels', 'APPPATH\\Views\\clubs.php', 87)
 2 SYSTEMPATH\View\View.php(213): include('APPPATH\\Views\\clubs.php')
 3 SYSTEMPATH\View\View.php(216): CodeIgniter\View\View->CodeIgniter\View\{closure}()
 4 SYSTEMPATH\Common.php(1134): CodeIgniter\View\View->render('clubs', [], true)
 5 APPPATH\Controllers\clubController.php(16): view('clubs')
 6 SYSTEMPATH\CodeIgniter.php(927): App\Controllers\clubController->index()
 7 SYSTEMPATH\CodeIgniter.php(482): CodeIgniter\CodeIgniter->runController(Object(App\Controllers\clubController))
 8 SYSTEMPATH\CodeIgniter.php(351): CodeIgniter\CodeIgniter->handleRequest(null, Object(Config\Cache), false)
 9 FCPATH\index.php(67): CodeIgniter\CodeIgniter->run()
CRITICAL - 2023-01-12 15:21:06 --> Undefined variable $levels
in APPPATH\Views\clubs.php on line 87.
 1 APPPATH\Views\clubs.php(87): CodeIgniter\Debug\Exceptions->errorHandler(2, 'Undefined variable $levels', 'APPPATH\\Views\\clubs.php', 87)
 2 SYSTEMPATH\View\View.php(213): include('APPPATH\\Views\\clubs.php')
 3 SYSTEMPATH\View\View.php(216): CodeIgniter\View\View->CodeIgniter\View\{closure}()
 4 SYSTEMPATH\Common.php(1134): CodeIgniter\View\View->render('clubs', [], true)
 5 APPPATH\Controllers\clubController.php(16): view('clubs')
 6 SYSTEMPATH\CodeIgniter.php(927): App\Controllers\clubController->index()
 7 SYSTEMPATH\CodeIgniter.php(482): CodeIgniter\CodeIgniter->runController(Object(App\Controllers\clubController))
 8 SYSTEMPATH\CodeIgniter.php(351): CodeIgniter\CodeIgniter->handleRequest(null, Object(Config\Cache), false)
 9 FCPATH\index.php(67): CodeIgniter\CodeIgniter->run()
CRITICAL - 2023-01-12 15:22:09 --> Undefined variable $levels
in APPPATH\Views\clubs.php on line 87.
 1 APPPATH\Views\clubs.php(87): CodeIgniter\Debug\Exceptions->errorHandler(2, 'Undefined variable $levels', 'APPPATH\\Views\\clubs.php', 87)
 2 SYSTEMPATH\View\View.php(213): include('APPPATH\\Views\\clubs.php')
 3 SYSTEMPATH\View\View.php(216): CodeIgniter\View\View->CodeIgniter\View\{closure}()
 4 SYSTEMPATH\Common.php(1134): CodeIgniter\View\View->render('clubs', [], true)
 5 APPPATH\Controllers\clubController.php(16): view('clubs')
 6 SYSTEMPATH\CodeIgniter.php(927): App\Controllers\clubController->index()
 7 SYSTEMPATH\CodeIgniter.php(482): CodeIgniter\CodeIgniter->runController(Object(App\Controllers\clubController))
 8 SYSTEMPATH\CodeIgniter.php(351): CodeIgniter\CodeIgniter->handleRequest(null, Object(Config\Cache), false)
 9 FCPATH\index.php(67): CodeIgniter\CodeIgniter->run()
CRITICAL - 2023-01-12 15:24:01 --> Undefined variable $levels
in APPPATH\Views\clubs.php on line 87.
 1 APPPATH\Views\clubs.php(87): CodeIgniter\Debug\Exceptions->errorHandler(2, 'Undefined variable $levels', 'APPPATH\\Views\\clubs.php', 87)
 2 SYSTEMPATH\View\View.php(213): include('APPPATH\\Views\\clubs.php')
 3 SYSTEMPATH\View\View.php(216): CodeIgniter\View\View->CodeIgniter\View\{closure}()
 4 SYSTEMPATH\Common.php(1134): CodeIgniter\View\View->render('clubs', [], true)
 5 APPPATH\Controllers\clubController.php(17): view('clubs')
 6 SYSTEMPATH\CodeIgniter.php(927): App\Controllers\clubController->index()
 7 SYSTEMPATH\CodeIgniter.php(482): CodeIgniter\CodeIgniter->runController(Object(App\Controllers\clubController))
 8 SYSTEMPATH\CodeIgniter.php(351): CodeIgniter\CodeIgniter->handleRequest(null, Object(Config\Cache), false)
 9 FCPATH\index.php(67): CodeIgniter\CodeIgniter->run()
CRITICAL - 2023-01-12 15:24:24 --> Array to string conversion
in APPPATH\Controllers\clubController.php on line 21.
 1 APPPATH\Controllers\clubController.php(21): CodeIgniter\Debug\Exceptions->errorHandler(2, 'Array to string conversion', 'APPPATH\\Controllers\\clubController.php', 21)
 2 SYSTEMPATH\CodeIgniter.php(927): App\Controllers\clubController->levels()
 3 SYSTEMPATH\CodeIgniter.php(482): CodeIgniter\CodeIgniter->runController(Object(App\Controllers\clubController))
 4 SYSTEMPATH\CodeIgniter.php(351): CodeIgniter\CodeIgniter->handleRequest(null, Object(Config\Cache), false)
 5 FCPATH\index.php(67): CodeIgniter\CodeIgniter->run()
CRITICAL - 2023-01-12 15:24:36 --> Attempt to read property "positives" on array
in APPPATH\Views\clubs.php on line 88.
 1 APPPATH\Views\clubs.php(88): CodeIgniter\Debug\Exceptions->errorHandler(2, 'Attempt to read property "positives" on array', 'APPPATH\\Views\\clubs.php', 88)
 2 SYSTEMPATH\View\View.php(213): include('APPPATH\\Views\\clubs.php')
 3 SYSTEMPATH\View\View.php(216): CodeIgniter\View\View->CodeIgniter\View\{closure}()
 4 SYSTEMPATH\Common.php(1134): CodeIgniter\View\View->render('clubs', [], true)
 5 APPPATH\Controllers\clubController.php(23): view('clubs', [...])
 6 SYSTEMPATH\CodeIgniter.php(927): App\Controllers\clubController->levels()
 7 SYSTEMPATH\CodeIgniter.php(482): CodeIgniter\CodeIgniter->runController(Object(App\Controllers\clubController))
 8 SYSTEMPATH\CodeIgniter.php(351): CodeIgniter\CodeIgniter->handleRequest(null, Object(Config\Cache), false)
 9 FCPATH\index.php(67): CodeIgniter\CodeIgniter->run()
CRITICAL - 2023-01-12 15:27:53 --> Attempt to read property "positives" on array
in APPPATH\Views\clubs.php on line 88.
 1 APPPATH\Views\clubs.php(88): CodeIgniter\Debug\Exceptions->errorHandler(2, 'Attempt to read property "positives" on array', 'APPPATH\\Views\\clubs.php', 88)
 2 SYSTEMPATH\View\View.php(213): include('APPPATH\\Views\\clubs.php')
 3 SYSTEMPATH\View\View.php(216): CodeIgniter\View\View->CodeIgniter\View\{closure}()
 4 SYSTEMPATH\Common.php(1134): CodeIgniter\View\View->render('clubs', [], true)
 5 APPPATH\Controllers\clubController.php(23): view('clubs', [...])
 6 SYSTEMPATH\CodeIgniter.php(927): App\Controllers\clubController->levels()
 7 SYSTEMPATH\CodeIgniter.php(482): CodeIgniter\CodeIgniter->runController(Object(App\Controllers\clubController))
 8 SYSTEMPATH\CodeIgniter.php(351): CodeIgniter\CodeIgniter->handleRequest(null, Object(Config\Cache), false)
 9 FCPATH\index.php(67): CodeIgniter\CodeIgniter->run()
CRITICAL - 2023-01-12 15:27:56 --> Attempt to read property "positives" on array
in APPPATH\Views\clubs.php on line 88.
 1 APPPATH\Views\clubs.php(88): CodeIgniter\Debug\Exceptions->errorHandler(2, 'Attempt to read property "positives" on array', 'APPPATH\\Views\\clubs.php', 88)
 2 SYSTEMPATH\View\View.php(213): include('APPPATH\\Views\\clubs.php')
 3 SYSTEMPATH\View\View.php(216): CodeIgniter\View\View->CodeIgniter\View\{closure}()
 4 SYSTEMPATH\Common.php(1134): CodeIgniter\View\View->render('clubs', [], true)
 5 APPPATH\Controllers\clubController.php(23): view('clubs', [...])
 6 SYSTEMPATH\CodeIgniter.php(927): App\Controllers\clubController->levels()
 7 SYSTEMPATH\CodeIgniter.php(482): CodeIgniter\CodeIgniter->runController(Object(App\Controllers\clubController))
 8 SYSTEMPATH\CodeIgniter.php(351): CodeIgniter\CodeIgniter->handleRequest(null, Object(Config\Cache), false)
 9 FCPATH\index.php(67): CodeIgniter\CodeIgniter->run()
CRITICAL - 2023-01-12 15:29:11 --> Attempt to read property "positives" on array
in APPPATH\Views\clubs.php on line 88.
 1 APPPATH\Views\clubs.php(88): CodeIgniter\Debug\Exceptions->errorHandler(2, 'Attempt to read property "positives" on array', 'APPPATH\\Views\\clubs.php', 88)
 2 SYSTEMPATH\View\View.php(213): include('APPPATH\\Views\\clubs.php')
 3 SYSTEMPATH\View\View.php(216): CodeIgniter\View\View->CodeIgniter\View\{closure}()
 4 SYSTEMPATH\Common.php(1134): CodeIgniter\View\View->render('clubs', [], true)
 5 APPPATH\Controllers\clubController.php(23): view('clubs', [...])
 6 SYSTEMPATH\CodeIgniter.php(927): App\Controllers\clubController->levels()
 7 SYSTEMPATH\CodeIgniter.php(482): CodeIgniter\CodeIgniter->runController(Object(App\Controllers\clubController))
 8 SYSTEMPATH\CodeIgniter.php(351): CodeIgniter\CodeIgniter->handleRequest(null, Object(Config\Cache), false)
 9 FCPATH\index.php(67): CodeIgniter\CodeIgniter->run()
CRITICAL - 2023-01-12 15:29:28 --> Attempt to read property "positives" on array
in APPPATH\Views\clubs.php on line 88.
 1 APPPATH\Views\clubs.php(88): CodeIgniter\Debug\Exceptions->errorHandler(2, 'Attempt to read property "positives" on array', 'APPPATH\\Views\\clubs.php', 88)
 2 SYSTEMPATH\View\View.php(213): include('APPPATH\\Views\\clubs.php')
 3 SYSTEMPATH\View\View.php(216): CodeIgniter\View\View->CodeIgniter\View\{closure}()
 4 SYSTEMPATH\Common.php(1134): CodeIgniter\View\View->render('clubs', [], true)
 5 APPPATH\Controllers\clubController.php(23): view('clubs', [...])
 6 SYSTEMPATH\CodeIgniter.php(927): App\Controllers\clubController->levels()
 7 SYSTEMPATH\CodeIgniter.php(482): CodeIgniter\CodeIgniter->runController(Object(App\Controllers\clubController))
 8 SYSTEMPATH\CodeIgniter.php(351): CodeIgniter\CodeIgniter->handleRequest(null, Object(Config\Cache), false)
 9 FCPATH\index.php(67): CodeIgniter\CodeIgniter->run()
CRITICAL - 2023-01-12 15:32:47 --> Attempt to read property "first" on array
in APPPATH\Views\clubs.php on line 91.
 1 APPPATH\Views\clubs.php(91): CodeIgniter\Debug\Exceptions->errorHandler(2, 'Attempt to read property "first" on array', 'APPPATH\\Views\\clubs.php', 91)
 2 SYSTEMPATH\View\View.php(213): include('APPPATH\\Views\\clubs.php')
 3 SYSTEMPATH\View\View.php(216): CodeIgniter\View\View->CodeIgniter\View\{closure}()
 4 SYSTEMPATH\Common.php(1134): CodeIgniter\View\View->render('clubs', [], true)
 5 APPPATH\Controllers\clubController.php(23): view('clubs', [...])
 6 SYSTEMPATH\CodeIgniter.php(927): App\Controllers\clubController->levels()
 7 SYSTEMPATH\CodeIgniter.php(482): CodeIgniter\CodeIgniter->runController(Object(App\Controllers\clubController))
 8 SYSTEMPATH\CodeIgniter.php(351): CodeIgniter\CodeIgniter->handleRequest(null, Object(Config\Cache), false)
 9 FCPATH\index.php(67): CodeIgniter\CodeIgniter->run()
CRITICAL - 2023-01-12 15:33:24 --> Attempt to read property "first" on array
in APPPATH\Views\clubs.php on line 91.
 1 APPPATH\Views\clubs.php(91): CodeIgniter\Debug\Exceptions->errorHandler(2, 'Attempt to read property "first" on array', 'APPPATH\\Views\\clubs.php', 91)
 2 SYSTEMPATH\View\View.php(213): include('APPPATH\\Views\\clubs.php')
 3 SYSTEMPATH\View\View.php(216): CodeIgniter\View\View->CodeIgniter\View\{closure}()
 4 SYSTEMPATH\Common.php(1134): CodeIgniter\View\View->render('clubs', [], true)
 5 APPPATH\Controllers\clubController.php(23): view('clubs', [...])
 6 SYSTEMPATH\CodeIgniter.php(927): App\Controllers\clubController->levels()
 7 SYSTEMPATH\CodeIgniter.php(482): CodeIgniter\CodeIgniter->runController(Object(App\Controllers\clubController))
 8 SYSTEMPATH\CodeIgniter.php(351): CodeIgniter\CodeIgniter->handleRequest(null, Object(Config\Cache), false)
 9 FCPATH\index.php(67): CodeIgniter\CodeIgniter->run()
CRITICAL - 2023-01-12 15:36:26 --> Attempt to read property "first" on array
in APPPATH\Views\clubs.php on line 91.
 1 APPPATH\Views\clubs.php(91): CodeIgniter\Debug\Exceptions->errorHandler(2, 'Attempt to read property "first" on array', 'APPPATH\\Views\\clubs.php', 91)
 2 SYSTEMPATH\View\View.php(213): include('APPPATH\\Views\\clubs.php')
 3 SYSTEMPATH\View\View.php(216): CodeIgniter\View\View->CodeIgniter\View\{closure}()
 4 SYSTEMPATH\Common.php(1134): CodeIgniter\View\View->render('clubs', [], true)
 5 APPPATH\Controllers\clubController.php(23): view('clubs', [...])
 6 SYSTEMPATH\CodeIgniter.php(927): App\Controllers\clubController->levels()
 7 SYSTEMPATH\CodeIgniter.php(482): CodeIgniter\CodeIgniter->runController(Object(App\Controllers\clubController))
 8 SYSTEMPATH\CodeIgniter.php(351): CodeIgniter\CodeIgniter->handleRequest(null, Object(Config\Cache), false)
 9 FCPATH\index.php(67): CodeIgniter\CodeIgniter->run()
CRITICAL - 2023-01-12 15:36:45 --> Attempt to read property "first" on array
in APPPATH\Views\clubs.php on line 91.
 1 APPPATH\Views\clubs.php(91): CodeIgniter\Debug\Exceptions->errorHandler(2, 'Attempt to read property "first" on array', 'APPPATH\\Views\\clubs.php', 91)
 2 SYSTEMPATH\View\View.php(213): include('APPPATH\\Views\\clubs.php')
 3 SYSTEMPATH\View\View.php(216): CodeIgniter\View\View->CodeIgniter\View\{closure}()
 4 SYSTEMPATH\Common.php(1134): CodeIgniter\View\View->render('clubs', [], true)
 5 APPPATH\Controllers\clubController.php(23): view('clubs', [...])
 6 SYSTEMPATH\CodeIgniter.php(927): App\Controllers\clubController->levels()
 7 SYSTEMPATH\CodeIgniter.php(482): CodeIgniter\CodeIgniter->runController(Object(App\Controllers\clubController))
 8 SYSTEMPATH\CodeIgniter.php(351): CodeIgniter\CodeIgniter->handleRequest(null, Object(Config\Cache), false)
 9 FCPATH\index.php(67): CodeIgniter\CodeIgniter->run()
CRITICAL - 2023-01-12 15:37:26 --> Array to string conversion
in APPPATH\Views\clubs.php on line 91.
 1 APPPATH\Views\clubs.php(91): CodeIgniter\Debug\Exceptions->errorHandler(2, 'Array to string conversion', 'APPPATH\\Views\\clubs.php', 91)
 2 SYSTEMPATH\View\View.php(213): include('APPPATH\\Views\\clubs.php')
 3 SYSTEMPATH\View\View.php(216): CodeIgniter\View\View->CodeIgniter\View\{closure}()
 4 SYSTEMPATH\Common.php(1134): CodeIgniter\View\View->render('clubs', [], true)
 5 APPPATH\Controllers\clubController.php(23): view('clubs', [...])
 6 SYSTEMPATH\CodeIgniter.php(927): App\Controllers\clubController->levels()
 7 SYSTEMPATH\CodeIgniter.php(482): CodeIgniter\CodeIgniter->runController(Object(App\Controllers\clubController))
 8 SYSTEMPATH\CodeIgniter.php(351): CodeIgniter\CodeIgniter->handleRequest(null, Object(Config\Cache), false)
 9 FCPATH\index.php(67): CodeIgniter\CodeIgniter->run()
CRITICAL - 2023-01-12 15:38:01 --> Attempt to read property "first" on array
in APPPATH\Views\clubs.php on line 91.
 1 APPPATH\Views\clubs.php(91): CodeIgniter\Debug\Exceptions->errorHandler(2, 'Attempt to read property "first" on array', 'APPPATH\\Views\\clubs.php', 91)
 2 SYSTEMPATH\View\View.php(213): include('APPPATH\\Views\\clubs.php')
 3 SYSTEMPATH\View\View.php(216): CodeIgniter\View\View->CodeIgniter\View\{closure}()
 4 SYSTEMPATH\Common.php(1134): CodeIgniter\View\View->render('clubs', [], true)
 5 APPPATH\Controllers\clubController.php(23): view('clubs', [...])
 6 SYSTEMPATH\CodeIgniter.php(927): App\Controllers\clubController->levels()
 7 SYSTEMPATH\CodeIgniter.php(482): CodeIgniter\CodeIgniter->runController(Object(App\Controllers\clubController))
 8 SYSTEMPATH\CodeIgniter.php(351): CodeIgniter\CodeIgniter->handleRequest(null, Object(Config\Cache), false)
 9 FCPATH\index.php(67): CodeIgniter\CodeIgniter->run()
CRITICAL - 2023-01-12 15:38:59 --> Attempt to read property "first" on array
in APPPATH\Views\clubs.php on line 91.
 1 APPPATH\Views\clubs.php(91): CodeIgniter\Debug\Exceptions->errorHandler(2, 'Attempt to read property "first" on array', 'APPPATH\\Views\\clubs.php', 91)
 2 SYSTEMPATH\View\View.php(213): include('APPPATH\\Views\\clubs.php')
 3 SYSTEMPATH\View\View.php(216): CodeIgniter\View\View->CodeIgniter\View\{closure}()
 4 SYSTEMPATH\Common.php(1134): CodeIgniter\View\View->render('clubs', [], true)
 5 APPPATH\Controllers\clubController.php(24): view('clubs', [...])
 6 SYSTEMPATH\CodeIgniter.php(927): App\Controllers\clubController->levels()
 7 SYSTEMPATH\CodeIgniter.php(482): CodeIgniter\CodeIgniter->runController(Object(App\Controllers\clubController))
 8 SYSTEMPATH\CodeIgniter.php(351): CodeIgniter\CodeIgniter->handleRequest(null, Object(Config\Cache), false)
 9 FCPATH\index.php(67): CodeIgniter\CodeIgniter->run()
CRITICAL - 2023-01-12 15:39:34 --> Attempt to read property "first" on array
in APPPATH\Views\clubs.php on line 91.
 1 APPPATH\Views\clubs.php(91): CodeIgniter\Debug\Exceptions->errorHandler(2, 'Attempt to read property "first" on array', 'APPPATH\\Views\\clubs.php', 91)
 2 SYSTEMPATH\View\View.php(213): include('APPPATH\\Views\\clubs.php')
 3 SYSTEMPATH\View\View.php(216): CodeIgniter\View\View->CodeIgniter\View\{closure}()
 4 SYSTEMPATH\Common.php(1134): CodeIgniter\View\View->render('clubs', [], true)
 5 APPPATH\Controllers\clubController.php(25): view('clubs', [...])
 6 SYSTEMPATH\CodeIgniter.php(927): App\Controllers\clubController->levels()
 7 SYSTEMPATH\CodeIgniter.php(482): CodeIgniter\CodeIgniter->runController(Object(App\Controllers\clubController))
 8 SYSTEMPATH\CodeIgniter.php(351): CodeIgniter\CodeIgniter->handleRequest(null, Object(Config\Cache), false)
 9 FCPATH\index.php(67): CodeIgniter\CodeIgniter->run()
CRITICAL - 2023-01-12 15:41:21 --> Undefined array key 0
in APPPATH\Views\clubs.php on line 91.
 1 APPPATH\Views\clubs.php(91): CodeIgniter\Debug\Exceptions->errorHandler(2, 'Undefined array key 0', 'APPPATH\\Views\\clubs.php', 91)
 2 SYSTEMPATH\View\View.php(213): include('APPPATH\\Views\\clubs.php')
 3 SYSTEMPATH\View\View.php(216): CodeIgniter\View\View->CodeIgniter\View\{closure}()
 4 SYSTEMPATH\Common.php(1134): CodeIgniter\View\View->render('clubs', [], true)
 5 APPPATH\Controllers\clubController.php(25): view('clubs', [...])
 6 SYSTEMPATH\CodeIgniter.php(927): App\Controllers\clubController->levels()
 7 SYSTEMPATH\CodeIgniter.php(482): CodeIgniter\CodeIgniter->runController(Object(App\Controllers\clubController))
 8 SYSTEMPATH\CodeIgniter.php(351): CodeIgniter\CodeIgniter->handleRequest(null, Object(Config\Cache), false)
 9 FCPATH\index.php(67): CodeIgniter\CodeIgniter->run()
CRITICAL - 2023-01-12 15:43:54 --> Undefined constant "App\Controllers\oi"
in APPPATH\Controllers\clubController.php on line 28.
 1 SYSTEMPATH\CodeIgniter.php(927): App\Controllers\clubController->levels()
 2 SYSTEMPATH\CodeIgniter.php(482): CodeIgniter\CodeIgniter->runController(Object(App\Controllers\clubController))
 3 SYSTEMPATH\CodeIgniter.php(351): CodeIgniter\CodeIgniter->handleRequest(null, Object(Config\Cache), false)
 4 FCPATH\index.php(67): CodeIgniter\CodeIgniter->run()
CRITICAL - 2023-01-12 15:44:13 --> Array to string conversion
in APPPATH\Controllers\clubController.php on line 28.
 1 APPPATH\Controllers\clubController.php(28): CodeIgniter\Debug\Exceptions->errorHandler(2, 'Array to string conversion', 'APPPATH\\Controllers\\clubController.php', 28)
 2 SYSTEMPATH\CodeIgniter.php(927): App\Controllers\clubController->levels()
 3 SYSTEMPATH\CodeIgniter.php(482): CodeIgniter\CodeIgniter->runController(Object(App\Controllers\clubController))
 4 SYSTEMPATH\CodeIgniter.php(351): CodeIgniter\CodeIgniter->handleRequest(null, Object(Config\Cache), false)
 5 FCPATH\index.php(67): CodeIgniter\CodeIgniter->run()
CRITICAL - 2023-01-12 15:44:27 --> Array to string conversion
in APPPATH\Controllers\clubController.php on line 28.
 1 APPPATH\Controllers\clubController.php(28): CodeIgniter\Debug\Exceptions->errorHandler(2, 'Array to string conversion', 'APPPATH\\Controllers\\clubController.php', 28)
 2 SYSTEMPATH\CodeIgniter.php(927): App\Controllers\clubController->levels()
 3 SYSTEMPATH\CodeIgniter.php(482): CodeIgniter\CodeIgniter->runController(Object(App\Controllers\clubController))
 4 SYSTEMPATH\CodeIgniter.php(351): CodeIgniter\CodeIgniter->handleRequest(null, Object(Config\Cache), false)
 5 FCPATH\index.php(67): CodeIgniter\CodeIgniter->run()
CRITICAL - 2023-01-12 15:44:31 --> Array to string conversion
in APPPATH\Controllers\clubController.php on line 28.
 1 APPPATH\Controllers\clubController.php(28): CodeIgniter\Debug\Exceptions->errorHandler(2, 'Array to string conversion', 'APPPATH\\Controllers\\clubController.php', 28)
 2 SYSTEMPATH\CodeIgniter.php(927): App\Controllers\clubController->levels()
 3 SYSTEMPATH\CodeIgniter.php(482): CodeIgniter\CodeIgniter->runController(Object(App\Controllers\clubController))
 4 SYSTEMPATH\CodeIgniter.php(351): CodeIgniter\CodeIgniter->handleRequest(null, Object(Config\Cache), false)
 5 FCPATH\index.php(67): CodeIgniter\CodeIgniter->run()
CRITICAL - 2023-01-12 15:44:43 --> Undefined array key 0
in APPPATH\Views\clubs.php on line 91.
 1 APPPATH\Views\clubs.php(91): CodeIgniter\Debug\Exceptions->errorHandler(2, 'Undefined array key 0', 'APPPATH\\Views\\clubs.php', 91)
 2 SYSTEMPATH\View\View.php(213): include('APPPATH\\Views\\clubs.php')
 3 SYSTEMPATH\View\View.php(216): CodeIgniter\View\View->CodeIgniter\View\{closure}()
 4 SYSTEMPATH\Common.php(1134): CodeIgniter\View\View->render('clubs', [], true)
 5 APPPATH\Controllers\clubController.php(31): view('clubs', [...])
 6 SYSTEMPATH\CodeIgniter.php(927): App\Controllers\clubController->levels()
 7 SYSTEMPATH\CodeIgniter.php(482): CodeIgniter\CodeIgniter->runController(Object(App\Controllers\clubController))
 8 SYSTEMPATH\CodeIgniter.php(351): CodeIgniter\CodeIgniter->handleRequest(null, Object(Config\Cache), false)
 9 FCPATH\index.php(67): CodeIgniter\CodeIgniter->run()
CRITICAL - 2023-01-12 15:45:00 --> Undefined array key 0
in APPPATH\Views\clubs.php on line 91.
 1 APPPATH\Views\clubs.php(91): CodeIgniter\Debug\Exceptions->errorHandler(2, 'Undefined array key 0', 'APPPATH\\Views\\clubs.php', 91)
 2 SYSTEMPATH\View\View.php(213): include('APPPATH\\Views\\clubs.php')
 3 SYSTEMPATH\View\View.php(216): CodeIgniter\View\View->CodeIgniter\View\{closure}()
 4 SYSTEMPATH\Common.php(1134): CodeIgniter\View\View->render('clubs', [], true)
 5 APPPATH\Controllers\clubController.php(32): view('clubs', [...])
 6 SYSTEMPATH\CodeIgniter.php(927): App\Controllers\clubController->levels()
 7 SYSTEMPATH\CodeIgniter.php(482): CodeIgniter\CodeIgniter->runController(Object(App\Controllers\clubController))
 8 SYSTEMPATH\CodeIgniter.php(351): CodeIgniter\CodeIgniter->handleRequest(null, Object(Config\Cache), false)
 9 FCPATH\index.php(67): CodeIgniter\CodeIgniter->run()
CRITICAL - 2023-01-12 15:45:42 --> Attempt to read property "first" on string
in APPPATH\Views\clubs.php on line 91.
 1 APPPATH\Views\clubs.php(91): CodeIgniter\Debug\Exceptions->errorHandler(2, 'Attempt to read property "first" on string', 'APPPATH\\Views\\clubs.php', 91)
 2 SYSTEMPATH\View\View.php(213): include('APPPATH\\Views\\clubs.php')
 3 SYSTEMPATH\View\View.php(216): CodeIgniter\View\View->CodeIgniter\View\{closure}()
 4 SYSTEMPATH\Common.php(1134): CodeIgniter\View\View->render('clubs', [], true)
 5 APPPATH\Controllers\clubController.php(32): view('clubs', [...])
 6 SYSTEMPATH\CodeIgniter.php(927): App\Controllers\clubController->levels()
 7 SYSTEMPATH\CodeIgniter.php(482): CodeIgniter\CodeIgniter->runController(Object(App\Controllers\clubController))
 8 SYSTEMPATH\CodeIgniter.php(351): CodeIgniter\CodeIgniter->handleRequest(null, Object(Config\Cache), false)
 9 FCPATH\index.php(67): CodeIgniter\CodeIgniter->run()
CRITICAL - 2023-01-12 15:46:12 --> Array to string conversion
in APPPATH\Views\clubs.php on line 91.
 1 APPPATH\Views\clubs.php(91): CodeIgniter\Debug\Exceptions->errorHandler(2, 'Array to string conversion', 'APPPATH\\Views\\clubs.php', 91)
 2 SYSTEMPATH\View\View.php(213): include('APPPATH\\Views\\clubs.php')
 3 SYSTEMPATH\View\View.php(216): CodeIgniter\View\View->CodeIgniter\View\{closure}()
 4 SYSTEMPATH\Common.php(1134): CodeIgniter\View\View->render('clubs', [], true)
 5 APPPATH\Controllers\clubController.php(32): view('clubs', [...])
 6 SYSTEMPATH\CodeIgniter.php(927): App\Controllers\clubController->levels()
 7 SYSTEMPATH\CodeIgniter.php(482): CodeIgniter\CodeIgniter->runController(Object(App\Controllers\clubController))
 8 SYSTEMPATH\CodeIgniter.php(351): CodeIgniter\CodeIgniter->handleRequest(null, Object(Config\Cache), false)
 9 FCPATH\index.php(67): CodeIgniter\CodeIgniter->run()
CRITICAL - 2023-01-12 15:49:42 --> Undefined variable $levels
in APPPATH\Views\clubs.php on line 87.
 1 APPPATH\Views\clubs.php(87): CodeIgniter\Debug\Exceptions->errorHandler(2, 'Undefined variable $levels', 'APPPATH\\Views\\clubs.php', 87)
 2 SYSTEMPATH\View\View.php(213): include('APPPATH\\Views\\clubs.php')
 3 SYSTEMPATH\View\View.php(216): CodeIgniter\View\View->CodeIgniter\View\{closure}()
 4 SYSTEMPATH\Common.php(1134): CodeIgniter\View\View->render('clubs', [], true)
 5 APPPATH\Controllers\clubController.php(18): view('clubs')
 6 SYSTEMPATH\CodeIgniter.php(927): App\Controllers\clubController->index()
 7 SYSTEMPATH\CodeIgniter.php(482): CodeIgniter\CodeIgniter->runController(Object(App\Controllers\clubController))
 8 SYSTEMPATH\CodeIgniter.php(351): CodeIgniter\CodeIgniter->handleRequest(null, Object(Config\Cache), false)
 9 FCPATH\index.php(67): CodeIgniter\CodeIgniter->run()
CRITICAL - 2023-01-12 15:53:27 --> Undefined variable $levels
in APPPATH\Views\clubs.php on line 87.
 1 APPPATH\Views\clubs.php(87): CodeIgniter\Debug\Exceptions->errorHandler(2, 'Undefined variable $levels', 'APPPATH\\Views\\clubs.php', 87)
 2 SYSTEMPATH\View\View.php(213): include('APPPATH\\Views\\clubs.php')
 3 SYSTEMPATH\View\View.php(216): CodeIgniter\View\View->CodeIgniter\View\{closure}()
 4 SYSTEMPATH\Common.php(1134): CodeIgniter\View\View->render('clubs', [], true)
 5 APPPATH\Controllers\clubController.php(18): view('clubs')
 6 SYSTEMPATH\CodeIgniter.php(927): App\Controllers\clubController->index()
 7 SYSTEMPATH\CodeIgniter.php(482): CodeIgniter\CodeIgniter->runController(Object(App\Controllers\clubController))
 8 SYSTEMPATH\CodeIgniter.php(351): CodeIgniter\CodeIgniter->handleRequest(null, Object(Config\Cache), false)
 9 FCPATH\index.php(67): CodeIgniter\CodeIgniter->run()
