CRITICAL - 2023-01-18 06:56:53 --> Undefined variable $levelsView
in APPPATH\Views\clubs.php on line 78.
 1 APPPATH\Views\clubs.php(78): CodeIgniter\Debug\Exceptions->errorHandler(2, 'Undefined variable $levelsView', 'APPPATH\\Views\\clubs.php', 78)
 2 SYSTEMPATH\View\View.php(213): include('APPPATH\\Views\\clubs.php')
 3 SYSTEMPATH\View\View.php(216): CodeIgniter\View\View->CodeIgniter\View\{closure}()
 4 SYSTEMPATH\Common.php(1134): CodeIgniter\View\View->render('clubs', [], true)
 5 APPPATH\Controllers\Home.php(9): view('clubs')
 6 SYSTEMPATH\CodeIgniter.php(927): App\Controllers\Home->index()
 7 SYSTEMPATH\CodeIgniter.php(482): CodeIgniter\CodeIgniter->runController(Object(App\Controllers\Home))
 8 SYSTEMPATH\CodeIgniter.php(351): CodeIgniter\CodeIgniter->handleRequest(null, Object(Config\Cache), false)
 9 FCPATH\index.php(67): CodeIgniter\CodeIgniter->run()
CRITICAL - 2023-01-18 06:57:20 --> Undefined variable $levelsView
in APPPATH\Views\clubs.php on line 78.
 1 APPPATH\Views\clubs.php(78): CodeIgniter\Debug\Exceptions->errorHandler(2, 'Undefined variable $levelsView', 'APPPATH\\Views\\clubs.php', 78)
 2 SYSTEMPATH\View\View.php(213): include('APPPATH\\Views\\clubs.php')
 3 SYSTEMPATH\View\View.php(216): CodeIgniter\View\View->CodeIgniter\View\{closure}()
 4 SYSTEMPATH\Common.php(1134): CodeIgniter\View\View->render('clubs', [], true)
 5 APPPATH\Controllers\Home.php(9): view('clubs')
 6 SYSTEMPATH\CodeIgniter.php(927): App\Controllers\Home->index()
 7 SYSTEMPATH\CodeIgniter.php(482): CodeIgniter\CodeIgniter->runController(Object(App\Controllers\Home))
 8 SYSTEMPATH\CodeIgniter.php(351): CodeIgniter\CodeIgniter->handleRequest(null, Object(Config\Cache), false)
 9 FCPATH\index.php(67): CodeIgniter\CodeIgniter->run()
CRITICAL - 2023-01-18 06:58:28 --> Undefined variable $levelsView
in APPPATH\Views\clubs.php on line 78.
 1 APPPATH\Views\clubs.php(78): CodeIgniter\Debug\Exceptions->errorHandler(2, 'Undefined variable $levelsView', 'APPPATH\\Views\\clubs.php', 78)
 2 SYSTEMPATH\View\View.php(213): include('APPPATH\\Views\\clubs.php')
 3 SYSTEMPATH\View\View.php(216): CodeIgniter\View\View->CodeIgniter\View\{closure}()
 4 SYSTEMPATH\Common.php(1134): CodeIgniter\View\View->render('clubs', [], true)
 5 APPPATH\Controllers\Home.php(9): view('clubs')
 6 SYSTEMPATH\CodeIgniter.php(927): App\Controllers\Home->index()
 7 SYSTEMPATH\CodeIgniter.php(482): CodeIgniter\CodeIgniter->runController(Object(App\Controllers\Home))
 8 SYSTEMPATH\CodeIgniter.php(351): CodeIgniter\CodeIgniter->handleRequest(null, Object(Config\Cache), false)
 9 FCPATH\index.php(67): CodeIgniter\CodeIgniter->run()
CRITICAL - 2023-01-18 06:58:42 --> Undefined variable $levelsView
in APPPATH\Views\clubs.php on line 78.
 1 APPPATH\Views\clubs.php(78): CodeIgniter\Debug\Exceptions->errorHandler(2, 'Undefined variable $levelsView', 'APPPATH\\Views\\clubs.php', 78)
 2 SYSTEMPATH\View\View.php(213): include('APPPATH\\Views\\clubs.php')
 3 SYSTEMPATH\View\View.php(216): CodeIgniter\View\View->CodeIgniter\View\{closure}()
 4 SYSTEMPATH\Common.php(1134): CodeIgniter\View\View->render('clubs', [], true)
 5 APPPATH\Controllers\Home.php(9): view('clubs')
 6 SYSTEMPATH\CodeIgniter.php(927): App\Controllers\Home->index()
 7 SYSTEMPATH\CodeIgniter.php(482): CodeIgniter\CodeIgniter->runController(Object(App\Controllers\Home))
 8 SYSTEMPATH\CodeIgniter.php(351): CodeIgniter\CodeIgniter->handleRequest(null, Object(Config\Cache), false)
 9 FCPATH\index.php(67): CodeIgniter\CodeIgniter->run()
CRITICAL - 2023-01-18 07:03:33 --> Undefined variable $levelsView
in APPPATH\Views\clubs.php on line 78.
 1 APPPATH\Views\clubs.php(78): CodeIgniter\Debug\Exceptions->errorHandler(2, 'Undefined variable $levelsView', 'APPPATH\\Views\\clubs.php', 78)
 2 SYSTEMPATH\View\View.php(213): include('APPPATH\\Views\\clubs.php')
 3 SYSTEMPATH\View\View.php(216): CodeIgniter\View\View->CodeIgniter\View\{closure}()
 4 SYSTEMPATH\Common.php(1134): CodeIgniter\View\View->render('clubs', [], true)
 5 APPPATH\Controllers\Home.php(9): view('clubs')
 6 SYSTEMPATH\CodeIgniter.php(927): App\Controllers\Home->index()
 7 SYSTEMPATH\CodeIgniter.php(482): CodeIgniter\CodeIgniter->runController(Object(App\Controllers\Home))
 8 SYSTEMPATH\CodeIgniter.php(351): CodeIgniter\CodeIgniter->handleRequest(null, Object(Config\Cache), false)
 9 FCPATH\index.php(67): CodeIgniter\CodeIgniter->run()
CRITICAL - 2023-01-18 07:07:12 --> Undefined variable $levelsView
in APPPATH\Views\clubs.php on line 78.
 1 APPPATH\Views\clubs.php(78): CodeIgniter\Debug\Exceptions->errorHandler(2, 'Undefined variable $levelsView', 'APPPATH\\Views\\clubs.php', 78)
 2 SYSTEMPATH\View\View.php(213): include('APPPATH\\Views\\clubs.php')
 3 SYSTEMPATH\View\View.php(216): CodeIgniter\View\View->CodeIgniter\View\{closure}()
 4 SYSTEMPATH\Common.php(1134): CodeIgniter\View\View->render('clubs', [], true)
 5 APPPATH\Controllers\Home.php(9): view('clubs')
 6 SYSTEMPATH\CodeIgniter.php(927): App\Controllers\Home->index()
 7 SYSTEMPATH\CodeIgniter.php(482): CodeIgniter\CodeIgniter->runController(Object(App\Controllers\Home))
 8 SYSTEMPATH\CodeIgniter.php(351): CodeIgniter\CodeIgniter->handleRequest(null, Object(Config\Cache), false)
 9 FCPATH\index.php(67): CodeIgniter\CodeIgniter->run()
CRITICAL - 2023-01-18 07:07:32 --> Undefined variable $levelsView
in APPPATH\Views\clubs.php on line 78.
 1 APPPATH\Views\clubs.php(78): CodeIgniter\Debug\Exceptions->errorHandler(2, 'Undefined variable $levelsView', 'APPPATH\\Views\\clubs.php', 78)
 2 SYSTEMPATH\View\View.php(213): include('APPPATH\\Views\\clubs.php')
 3 SYSTEMPATH\View\View.php(216): CodeIgniter\View\View->CodeIgniter\View\{closure}()
 4 SYSTEMPATH\Common.php(1134): CodeIgniter\View\View->render('clubs', [], true)
 5 APPPATH\Controllers\Home.php(9): view('clubs')
 6 SYSTEMPATH\CodeIgniter.php(927): App\Controllers\Home->index()
 7 SYSTEMPATH\CodeIgniter.php(482): CodeIgniter\CodeIgniter->runController(Object(App\Controllers\Home))
 8 SYSTEMPATH\CodeIgniter.php(351): CodeIgniter\CodeIgniter->handleRequest(null, Object(Config\Cache), false)
 9 FCPATH\index.php(67): CodeIgniter\CodeIgniter->run()
CRITICAL - 2023-01-18 07:08:20 --> Undefined variable $levelsView
in APPPATH\Views\clubs.php on line 78.
 1 APPPATH\Views\clubs.php(78): CodeIgniter\Debug\Exceptions->errorHandler(2, 'Undefined variable $levelsView', 'APPPATH\\Views\\clubs.php', 78)
 2 SYSTEMPATH\View\View.php(213): include('APPPATH\\Views\\clubs.php')
 3 SYSTEMPATH\View\View.php(216): CodeIgniter\View\View->CodeIgniter\View\{closure}()
 4 SYSTEMPATH\Common.php(1134): CodeIgniter\View\View->render('clubs', [], true)
 5 APPPATH\Controllers\Home.php(9): view('clubs')
 6 SYSTEMPATH\CodeIgniter.php(927): App\Controllers\Home->index()
 7 SYSTEMPATH\CodeIgniter.php(482): CodeIgniter\CodeIgniter->runController(Object(App\Controllers\Home))
 8 SYSTEMPATH\CodeIgniter.php(351): CodeIgniter\CodeIgniter->handleRequest(null, Object(Config\Cache), false)
 9 FCPATH\index.php(67): CodeIgniter\CodeIgniter->run()
CRITICAL - 2023-01-18 07:09:21 --> Undefined variable $levelsView
in APPPATH\Views\clubs.php on line 78.
 1 APPPATH\Views\clubs.php(78): CodeIgniter\Debug\Exceptions->errorHandler(2, 'Undefined variable $levelsView', 'APPPATH\\Views\\clubs.php', 78)
 2 SYSTEMPATH\View\View.php(213): include('APPPATH\\Views\\clubs.php')
 3 SYSTEMPATH\View\View.php(216): CodeIgniter\View\View->CodeIgniter\View\{closure}()
 4 SYSTEMPATH\Common.php(1134): CodeIgniter\View\View->render('clubs', [], true)
 5 APPPATH\Controllers\Home.php(9): view('clubs')
 6 SYSTEMPATH\CodeIgniter.php(927): App\Controllers\Home->index()
 7 SYSTEMPATH\CodeIgniter.php(482): CodeIgniter\CodeIgniter->runController(Object(App\Controllers\Home))
 8 SYSTEMPATH\CodeIgniter.php(351): CodeIgniter\CodeIgniter->handleRequest(null, Object(Config\Cache), false)
 9 FCPATH\index.php(67): CodeIgniter\CodeIgniter->run()
CRITICAL - 2023-01-18 07:56:19 --> Undefined variable $levelsView
in APPPATH\Views\clubs.php on line 78.
 1 APPPATH\Views\clubs.php(78): CodeIgniter\Debug\Exceptions->errorHandler(2, 'Undefined variable $levelsView', 'APPPATH\\Views\\clubs.php', 78)
 2 SYSTEMPATH\View\View.php(213): include('APPPATH\\Views\\clubs.php')
 3 SYSTEMPATH\View\View.php(216): CodeIgniter\View\View->CodeIgniter\View\{closure}()
 4 SYSTEMPATH\Common.php(1134): CodeIgniter\View\View->render('clubs', [], true)
 5 APPPATH\Controllers\Home.php(9): view('clubs')
 6 SYSTEMPATH\CodeIgniter.php(927): App\Controllers\Home->index()
 7 SYSTEMPATH\CodeIgniter.php(482): CodeIgniter\CodeIgniter->runController(Object(App\Controllers\Home))
 8 SYSTEMPATH\CodeIgniter.php(351): CodeIgniter\CodeIgniter->handleRequest(null, Object(Config\Cache), false)
 9 FCPATH\index.php(67): CodeIgniter\CodeIgniter->run()
CRITICAL - 2023-01-18 07:57:09 --> Undefined variable $levelsView
in APPPATH\Views\clubs.php on line 78.
 1 APPPATH\Views\clubs.php(78): CodeIgniter\Debug\Exceptions->errorHandler(2, 'Undefined variable $levelsView', 'APPPATH\\Views\\clubs.php', 78)
 2 SYSTEMPATH\View\View.php(213): include('APPPATH\\Views\\clubs.php')
 3 SYSTEMPATH\View\View.php(216): CodeIgniter\View\View->CodeIgniter\View\{closure}()
 4 SYSTEMPATH\Common.php(1134): CodeIgniter\View\View->render('clubs', [], true)
 5 APPPATH\Controllers\Home.php(9): view('clubs')
 6 SYSTEMPATH\CodeIgniter.php(927): App\Controllers\Home->index()
 7 SYSTEMPATH\CodeIgniter.php(482): CodeIgniter\CodeIgniter->runController(Object(App\Controllers\Home))
 8 SYSTEMPATH\CodeIgniter.php(351): CodeIgniter\CodeIgniter->handleRequest(null, Object(Config\Cache), false)
 9 FCPATH\index.php(67): CodeIgniter\CodeIgniter->run()
