CRITICAL - 2023-03-08 04:01:57 --> Undefined array key "levelName"
in APPPATH\Views\levels.php on line 38.
 1 APPPATH\Views\levels.php(38): CodeIgniter\Debug\Exceptions->errorHandler(2, 'Undefined array key "levelName"', 'APPPATH\\Views\\levels.php', 38)
 2 SYSTEMPATH\View\View.php(213): include('APPPATH\\Views\\levels.php')
 3 SYSTEMPATH\View\View.php(216): CodeIgniter\View\View->CodeIgniter\View\{closure}()
 4 SYSTEMPATH\Common.php(1134): CodeIgniter\View\View->render('levels', [], true)
 5 APPPATH\Controllers\clubController.php(36): view('levels', [...])
 6 SYSTEMPATH\CodeIgniter.php(927): App\Controllers\clubController->levels()
 7 SYSTEMPATH\CodeIgniter.php(482): CodeIgniter\CodeIgniter->runController(Object(App\Controllers\clubController))
 8 SYSTEMPATH\CodeIgniter.php(351): CodeIgniter\CodeIgniter->handleRequest(null, Object(Config\Cache), false)
 9 FCPATH\index.php(67): CodeIgniter\CodeIgniter->run()
CRITICAL - 2023-03-08 04:02:36 --> Undefined array key "levelName"
in APPPATH\Views\levels.php on line 38.
 1 APPPATH\Views\levels.php(38): CodeIgniter\Debug\Exceptions->errorHandler(2, 'Undefined array key "levelName"', 'APPPATH\\Views\\levels.php', 38)
 2 SYSTEMPATH\View\View.php(213): include('APPPATH\\Views\\levels.php')
 3 SYSTEMPATH\View\View.php(216): CodeIgniter\View\View->CodeIgniter\View\{closure}()
 4 SYSTEMPATH\Common.php(1134): CodeIgniter\View\View->render('levels', [], true)
 5 APPPATH\Controllers\clubController.php(36): view('levels', [...])
 6 SYSTEMPATH\CodeIgniter.php(927): App\Controllers\clubController->levels()
 7 SYSTEMPATH\CodeIgniter.php(482): CodeIgniter\CodeIgniter->runController(Object(App\Controllers\clubController))
 8 SYSTEMPATH\CodeIgniter.php(351): CodeIgniter\CodeIgniter->handleRequest(null, Object(Config\Cache), false)
 9 FCPATH\index.php(67): CodeIgniter\CodeIgniter->run()
CRITICAL - 2023-03-08 04:03:06 --> Undefined array key "levelName"
in APPPATH\Views\levels.php on line 38.
 1 APPPATH\Views\levels.php(38): CodeIgniter\Debug\Exceptions->errorHandler(2, 'Undefined array key "levelName"', 'APPPATH\\Views\\levels.php', 38)
 2 SYSTEMPATH\View\View.php(213): include('APPPATH\\Views\\levels.php')
 3 SYSTEMPATH\View\View.php(216): CodeIgniter\View\View->CodeIgniter\View\{closure}()
 4 SYSTEMPATH\Common.php(1134): CodeIgniter\View\View->render('levels', [], true)
 5 APPPATH\Controllers\clubController.php(36): view('levels', [...])
 6 SYSTEMPATH\CodeIgniter.php(927): App\Controllers\clubController->levels()
 7 SYSTEMPATH\CodeIgniter.php(482): CodeIgniter\CodeIgniter->runController(Object(App\Controllers\clubController))
 8 SYSTEMPATH\CodeIgniter.php(351): CodeIgniter\CodeIgniter->handleRequest(null, Object(Config\Cache), false)
 9 FCPATH\index.php(67): CodeIgniter\CodeIgniter->run()
CRITICAL - 2023-03-08 04:04:17 --> Undefined array key "levelName"
in APPPATH\Views\levels.php on line 38.
 1 APPPATH\Views\levels.php(38): CodeIgniter\Debug\Exceptions->errorHandler(2, 'Undefined array key "levelName"', 'APPPATH\\Views\\levels.php', 38)
 2 SYSTEMPATH\View\View.php(213): include('APPPATH\\Views\\levels.php')
 3 SYSTEMPATH\View\View.php(216): CodeIgniter\View\View->CodeIgniter\View\{closure}()
 4 SYSTEMPATH\Common.php(1134): CodeIgniter\View\View->render('levels', [], true)
 5 APPPATH\Controllers\clubController.php(36): view('levels', [...])
 6 SYSTEMPATH\CodeIgniter.php(927): App\Controllers\clubController->levels()
 7 SYSTEMPATH\CodeIgniter.php(482): CodeIgniter\CodeIgniter->runController(Object(App\Controllers\clubController))
 8 SYSTEMPATH\CodeIgniter.php(351): CodeIgniter\CodeIgniter->handleRequest(null, Object(Config\Cache), false)
 9 FCPATH\index.php(67): CodeIgniter\CodeIgniter->run()
CRITICAL - 2023-03-08 04:37:44 --> Undefined array key "work"
in APPPATH\Views\levels.php on line 74.
 1 APPPATH\Views\levels.php(74): CodeIgniter\Debug\Exceptions->errorHandler(2, 'Undefined array key "work"', 'APPPATH\\Views\\levels.php', 74)
 2 SYSTEMPATH\View\View.php(213): include('APPPATH\\Views\\levels.php')
 3 SYSTEMPATH\View\View.php(216): CodeIgniter\View\View->CodeIgniter\View\{closure}()
 4 SYSTEMPATH\Common.php(1134): CodeIgniter\View\View->render('levels', [], true)
 5 APPPATH\Controllers\clubController.php(36): view('levels', [...])
 6 SYSTEMPATH\CodeIgniter.php(927): App\Controllers\clubController->levels()
 7 SYSTEMPATH\CodeIgniter.php(482): CodeIgniter\CodeIgniter->runController(Object(App\Controllers\clubController))
 8 SYSTEMPATH\CodeIgniter.php(351): CodeIgniter\CodeIgniter->handleRequest(null, Object(Config\Cache), false)
 9 FCPATH\index.php(67): CodeIgniter\CodeIgniter->run()
CRITICAL - 2023-03-08 04:38:13 --> Undefined array key "work"
in APPPATH\Views\levels.php on line 74.
 1 APPPATH\Views\levels.php(74): CodeIgniter\Debug\Exceptions->errorHandler(2, 'Undefined array key "work"', 'APPPATH\\Views\\levels.php', 74)
 2 SYSTEMPATH\View\View.php(213): include('APPPATH\\Views\\levels.php')
 3 SYSTEMPATH\View\View.php(216): CodeIgniter\View\View->CodeIgniter\View\{closure}()
 4 SYSTEMPATH\Common.php(1134): CodeIgniter\View\View->render('levels', [], true)
 5 APPPATH\Controllers\clubController.php(36): view('levels', [...])
 6 SYSTEMPATH\CodeIgniter.php(927): App\Controllers\clubController->levels()
 7 SYSTEMPATH\CodeIgniter.php(482): CodeIgniter\CodeIgniter->runController(Object(App\Controllers\clubController))
 8 SYSTEMPATH\CodeIgniter.php(351): CodeIgniter\CodeIgniter->handleRequest(null, Object(Config\Cache), false)
 9 FCPATH\index.php(67): CodeIgniter\CodeIgniter->run()
CRITICAL - 2023-03-08 04:39:09 --> Undefined array key "work"
in APPPATH\Views\levels.php on line 74.
 1 APPPATH\Views\levels.php(74): CodeIgniter\Debug\Exceptions->errorHandler(2, 'Undefined array key "work"', 'APPPATH\\Views\\levels.php', 74)
 2 SYSTEMPATH\View\View.php(213): include('APPPATH\\Views\\levels.php')
 3 SYSTEMPATH\View\View.php(216): CodeIgniter\View\View->CodeIgniter\View\{closure}()
 4 SYSTEMPATH\Common.php(1134): CodeIgniter\View\View->render('levels', [], true)
 5 APPPATH\Controllers\clubController.php(36): view('levels', [...])
 6 SYSTEMPATH\CodeIgniter.php(927): App\Controllers\clubController->levels()
 7 SYSTEMPATH\CodeIgniter.php(482): CodeIgniter\CodeIgniter->runController(Object(App\Controllers\clubController))
 8 SYSTEMPATH\CodeIgniter.php(351): CodeIgniter\CodeIgniter->handleRequest(null, Object(Config\Cache), false)
 9 FCPATH\index.php(67): CodeIgniter\CodeIgniter->run()
CRITICAL - 2023-03-08 04:39:26 --> Trying to access array offset on value of type null
in APPPATH\Views\levels.php on line 38.
 1 APPPATH\Views\levels.php(38): CodeIgniter\Debug\Exceptions->errorHandler(2, 'Trying to access array offset on value of type null', 'APPPATH\\Views\\levels.php', 38)
 2 SYSTEMPATH\View\View.php(213): include('APPPATH\\Views\\levels.php')
 3 SYSTEMPATH\View\View.php(216): CodeIgniter\View\View->CodeIgniter\View\{closure}()
 4 SYSTEMPATH\Common.php(1134): CodeIgniter\View\View->render('levels', [], true)
 5 APPPATH\Controllers\clubController.php(36): view('levels', [...])
 6 SYSTEMPATH\CodeIgniter.php(927): App\Controllers\clubController->levels()
 7 SYSTEMPATH\CodeIgniter.php(482): CodeIgniter\CodeIgniter->runController(Object(App\Controllers\clubController))
 8 SYSTEMPATH\CodeIgniter.php(351): CodeIgniter\CodeIgniter->handleRequest(null, Object(Config\Cache), false)
 9 FCPATH\index.php(67): CodeIgniter\CodeIgniter->run()
CRITICAL - 2023-03-08 05:17:40 --> Trying to access array offset on value of type null
in APPPATH\Views\levels.php on line 38.
 1 APPPATH\Views\levels.php(38): CodeIgniter\Debug\Exceptions->errorHandler(2, 'Trying to access array offset on value of type null', 'APPPATH\\Views\\levels.php', 38)
 2 SYSTEMPATH\View\View.php(213): include('APPPATH\\Views\\levels.php')
 3 SYSTEMPATH\View\View.php(216): CodeIgniter\View\View->CodeIgniter\View\{closure}()
 4 SYSTEMPATH\Common.php(1134): CodeIgniter\View\View->render('levels', [], true)
 5 APPPATH\Controllers\clubController.php(36): view('levels', [...])
 6 SYSTEMPATH\CodeIgniter.php(927): App\Controllers\clubController->levels()
 7 SYSTEMPATH\CodeIgniter.php(482): CodeIgniter\CodeIgniter->runController(Object(App\Controllers\clubController))
 8 SYSTEMPATH\CodeIgniter.php(351): CodeIgniter\CodeIgniter->handleRequest(null, Object(Config\Cache), false)
 9 FCPATH\index.php(67): CodeIgniter\CodeIgniter->run()
CRITICAL - 2023-03-08 05:26:19 --> Undefined property: App\Models\Level_model::$level4
in APPPATH\Models\Level_model.php on line 84.
 1 APPPATH\Models\Level_model.php(84): CodeIgniter\Debug\Exceptions->errorHandler(2, 'Undefined property: App\\Models\\Level_model::$level4', 'APPPATH\\Models\\Level_model.php', 84)
 2 APPPATH\Controllers\clubController.php(14): App\Models\Level_model->__construct()
 3 SYSTEMPATH\CodeIgniter.php(889): App\Controllers\clubController->__construct()
 4 SYSTEMPATH\CodeIgniter.php(473): CodeIgniter\CodeIgniter->createController()
 5 SYSTEMPATH\CodeIgniter.php(351): CodeIgniter\CodeIgniter->handleRequest(null, Object(Config\Cache), false)
 6 FCPATH\index.php(67): CodeIgniter\CodeIgniter->run()
CRITICAL - 2023-03-08 06:38:20 --> Undefined variable $key
in APPPATH\Views\levels.php on line 36.
 1 APPPATH\Views\levels.php(36): CodeIgniter\Debug\Exceptions->errorHandler(2, 'Undefined variable $key', 'APPPATH\\Views\\levels.php', 36)
 2 SYSTEMPATH\View\View.php(213): include('APPPATH\\Views\\levels.php')
 3 SYSTEMPATH\View\View.php(216): CodeIgniter\View\View->CodeIgniter\View\{closure}()
 4 SYSTEMPATH\Common.php(1134): CodeIgniter\View\View->render('levels', [], true)
 5 APPPATH\Controllers\clubController.php(36): view('levels', [...])
 6 SYSTEMPATH\CodeIgniter.php(927): App\Controllers\clubController->levels()
 7 SYSTEMPATH\CodeIgniter.php(482): CodeIgniter\CodeIgniter->runController(Object(App\Controllers\clubController))
 8 SYSTEMPATH\CodeIgniter.php(351): CodeIgniter\CodeIgniter->handleRequest(null, Object(Config\Cache), false)
 9 FCPATH\index.php(67): CodeIgniter\CodeIgniter->run()
CRITICAL - 2023-03-08 11:32:07 --> Call to undefined function int()
in APPPATH\Views\levels.php on line 160.
 1 SYSTEMPATH\View\View.php(213): include()
 2 SYSTEMPATH\View\View.php(216): CodeIgniter\View\View->CodeIgniter\View\{closure}()
 3 SYSTEMPATH\Common.php(1134): CodeIgniter\View\View->render('levels', [], true)
 4 APPPATH\Controllers\clubController.php(36): view('levels', [...])
 5 SYSTEMPATH\CodeIgniter.php(927): App\Controllers\clubController->levels()
 6 SYSTEMPATH\CodeIgniter.php(482): CodeIgniter\CodeIgniter->runController(Object(App\Controllers\clubController))
 7 SYSTEMPATH\CodeIgniter.php(351): CodeIgniter\CodeIgniter->handleRequest(null, Object(Config\Cache), false)
 8 FCPATH\index.php(67): CodeIgniter\CodeIgniter->run()
CRITICAL - 2023-03-08 11:46:00 --> Undefined property: App\Models\Level_model::$Nlevel1
in APPPATH\Models\Level_model.php on line 82.
 1 APPPATH\Models\Level_model.php(82): CodeIgniter\Debug\Exceptions->errorHandler(2, 'Undefined property: App\\Models\\Level_model::$Nlevel1', 'APPPATH\\Models\\Level_model.php', 82)
 2 APPPATH\Controllers\clubController.php(14): App\Models\Level_model->__construct()
 3 SYSTEMPATH\CodeIgniter.php(889): App\Controllers\clubController->__construct()
 4 SYSTEMPATH\CodeIgniter.php(473): CodeIgniter\CodeIgniter->createController()
 5 SYSTEMPATH\CodeIgniter.php(351): CodeIgniter\CodeIgniter->handleRequest(null, Object(Config\Cache), false)
 6 FCPATH\index.php(67): CodeIgniter\CodeIgniter->run()
CRITICAL - 2023-03-08 14:34:18 --> Undefined variable $content
in APPPATH\Views\navfoot.php on line 35.
 1 APPPATH\Views\navfoot.php(35): CodeIgniter\Debug\Exceptions->errorHandler(2, 'Undefined variable $content', 'APPPATH\\Views\\navfoot.php', 35)
 2 SYSTEMPATH\View\View.php(213): include('APPPATH\\Views\\navfoot.php')
 3 SYSTEMPATH\View\View.php(216): CodeIgniter\View\View->CodeIgniter\View\{closure}()
 4 SYSTEMPATH\Common.php(1134): CodeIgniter\View\View->render('navfoot', [], true)
 5 APPPATH\Controllers\clubController.php(39): view('navfoot', [...])
 6 SYSTEMPATH\CodeIgniter.php(927): App\Controllers\clubController->levels()
 7 SYSTEMPATH\CodeIgniter.php(482): CodeIgniter\CodeIgniter->runController(Object(App\Controllers\clubController))
 8 SYSTEMPATH\CodeIgniter.php(351): CodeIgniter\CodeIgniter->handleRequest(null, Object(Config\Cache), false)
 9 FCPATH\index.php(67): CodeIgniter\CodeIgniter->run()
CRITICAL - 2023-03-08 14:40:39 --> view(): Argument #2 ($data) must be of type array, null given, called in C:\xampp\htdocs\BC\app\Controllers\clubController.php on line 29
in SYSTEMPATH\Common.php on line 1120.
 1 APPPATH\Controllers\clubController.php(29): view('navfoot', null)
 2 SYSTEMPATH\CodeIgniter.php(927): App\Controllers\clubController->home()
 3 SYSTEMPATH\CodeIgniter.php(482): CodeIgniter\CodeIgniter->runController(Object(App\Controllers\clubController))
 4 SYSTEMPATH\CodeIgniter.php(351): CodeIgniter\CodeIgniter->handleRequest(null, Object(Config\Cache), false)
 5 FCPATH\index.php(67): CodeIgniter\CodeIgniter->run()
